<?xml version="1.0" encoding="UTF-8"?>
<testsuite xmlns:xsi="http://www.w3.org/2001/XMLSchema-instance" xsi:noNamespaceSchemaLocation="https://maven.apache.org/surefire/maven-surefire-plugin/xsd/surefire-test-report.xsd" version="3.0.2" name="com.swift.manager.controller.SwiftCodeControllerIntegrationTest" time="24.014" tests="8" errors="0" skipped="0" failures="0">
  <properties>
[...]
</properties>
  <testcase name="getBranchesForHeadquarter" classname="com.swift.manager.controller.SwiftCodeControllerIntegrationTest" time="1.56">
    <system-out><![CDATA[Standard Commons Logging discovery in action with spring-jcl: please remove commons-logging.jar from classpath in order to avoid potential conflicts
23:15:24.567 [main] INFO org.springframework.test.context.support.AnnotationConfigContextLoaderUtils -- Could not detect default configuration classes for test class [com.swift.manager.controller.SwiftCodeControllerIntegrationTest]: SwiftCodeControllerIntegrationTest does not declare any static, non-private, non-final, nested classes annotated with @Configuration.
23:15:24.860 [main] INFO org.springframework.boot.test.context.SpringBootTestContextBootstrapper -- Found @SpringBootConfiguration com.swift.manager.SwiftCodeManagerApplication for test class com.swift.manager.controller.SwiftCodeControllerIntegrationTest
23:15:25.099 [main] INFO org.testcontainers.images.PullPolicy -- Image pull policy will be performed by: DefaultPullPolicy()
23:15:25.104 [main] INFO org.testcontainers.utility.ImageNameSubstitutor -- Image name substitution will be performed by: DefaultImageNameSubstitutor (composite of 'ConfigurationFileImageNameSubstitutor' and 'PrefixingImageNameSubstitutor')
23:15:25.490 [main] INFO org.testcontainers.dockerclient.DockerClientProviderStrategy -- Loaded org.testcontainers.dockerclient.NpipeSocketClientProviderStrategy from ~/.testcontainers.properties, will try it first
23:15:25.939 [main] INFO org.testcontainers.dockerclient.DockerClientProviderStrategy -- Found Docker environment with local Npipe socket (npipe:////./pipe/docker_engine)
23:15:25.941 [main] INFO org.testcontainers.DockerClientFactory -- Docker host IP address is localhost
23:15:25.966 [main] INFO org.testcontainers.DockerClientFactory -- Connected to docker: 
  Server Version: 28.0.4
  API Version: 1.48
  Operating System: Docker Desktop
  Total Memory: 7878 MB
23:15:26.084 [main] INFO tc.testcontainers/ryuk:0.6.0 -- Creating container for image: testcontainers/ryuk:0.6.0
23:15:26.296 [main] INFO org.testcontainers.utility.RegistryAuthLocator -- Credential helper/store (docker-credential-desktop) does not have credentials for https://index.docker.io/v1/
23:15:26.524 [main] INFO tc.testcontainers/ryuk:0.6.0 -- Container testcontainers/ryuk:0.6.0 is starting: 4bb6faaa5407ae67339081d040ef341b98778cb6eb4772ffd2beaaaa316b8187
23:15:27.165 [main] INFO tc.testcontainers/ryuk:0.6.0 -- Container testcontainers/ryuk:0.6.0 started in PT1.0816446S
23:15:27.175 [main] INFO org.testcontainers.utility.RyukResourceReaper -- Ryuk started - will monitor and terminate Testcontainers containers on JVM exit
23:15:27.175 [main] INFO org.testcontainers.DockerClientFactory -- Checking the system...
23:15:27.176 [main] INFO org.testcontainers.DockerClientFactory -- ?? Docker server version should be at least 1.6.0
23:15:27.177 [main] INFO tc.postgres:15-alpine -- Creating container for image: postgres:15-alpine
23:15:27.306 [main] INFO tc.postgres:15-alpine -- Container postgres:15-alpine is starting: b64f2b0f64cf60d3641e5788f9e633358798694d1d51fa492887d77583111e10
23:15:29.098 [main] INFO tc.postgres:15-alpine -- Container postgres:15-alpine started in PT1.921087S
23:15:29.099 [main] INFO tc.postgres:15-alpine -- Container is started (JDBC URL: jdbc:postgresql://localhost:59771/swiftdb?loggerLevel=OFF)

  .   ____          _            __ _ _
 /\\ / ___'_ __ _ _(_)_ __  __ _ \ \ \ \
( ( )\___ | '_ | '_| | '_ \/ _` | \ \ \ \
 \\/  ___)| |_)| | | | | || (_| |  ) ) ) )
  '  |____| .__|_| |_|_| |_\__, | / / / /
 =========|_|==============|___/=/_/_/_/

 :: Spring Boot ::                (v3.4.4)

2025-04-22T23:15:29.705+02:00  INFO 2796 --- [swift-code-manager] [           main] s.m.c.SwiftCodeControllerIntegrationTest : Starting SwiftCodeControllerIntegrationTest using Java 17.0.12 with PID 2796 (started by badre in C:\Users\badre\swift-code-manager)
2025-04-22T23:15:29.707+02:00  INFO 2796 --- [swift-code-manager] [           main] s.m.c.SwiftCodeControllerIntegrationTest : The following 1 profile is active: "test"
2025-04-22T23:15:31.625+02:00  INFO 2796 --- [swift-code-manager] [           main] .s.d.r.c.RepositoryConfigurationDelegate : Bootstrapping Spring Data JPA repositories in DEFAULT mode.
2025-04-22T23:15:31.744+02:00  INFO 2796 --- [swift-code-manager] [           main] .s.d.r.c.RepositoryConfigurationDelegate : Finished Spring Data repository scanning in 100 ms. Found 1 JPA repository interface.
2025-04-22T23:15:33.666+02:00  INFO 2796 --- [swift-code-manager] [           main] org.ehcache.core.EhcacheManager          : Cache 'countryCodes' created in EhcacheManager.
2025-04-22T23:15:33.668+02:00  INFO 2796 --- [swift-code-manager] [           main] org.ehcache.core.EhcacheManager          : Cache 'swiftCodes' created in EhcacheManager.
2025-04-22T23:15:33.759+02:00  INFO 2796 --- [swift-code-manager] [           main] org.ehcache.jsr107.Eh107CacheManager     : Registering Ehcache MBean javax.cache:type=CacheStatistics,CacheManager=file./C./Users/badre/swift-code-manager/target/classes/ehcache.xml,Cache=countryCodes
2025-04-22T23:15:33.763+02:00  INFO 2796 --- [swift-code-manager] [           main] org.ehcache.jsr107.Eh107CacheManager     : Registering Ehcache MBean javax.cache:type=CacheStatistics,CacheManager=file./C./Users/badre/swift-code-manager/target/classes/ehcache.xml,Cache=swiftCodes
2025-04-22T23:15:34.236+02:00  INFO 2796 --- [swift-code-manager] [           main] o.hibernate.jpa.internal.util.LogHelper  : HHH000204: Processing PersistenceUnitInfo [name: default]
2025-04-22T23:15:34.497+02:00  INFO 2796 --- [swift-code-manager] [           main] org.hibernate.Version                    : HHH000412: Hibernate ORM core version 6.6.11.Final
2025-04-22T23:15:34.594+02:00  INFO 2796 --- [swift-code-manager] [           main] o.h.c.internal.RegionFactoryInitiator    : HHH000025: Second-level cache region factory [org.hibernate.cache.jcache.internal.JCacheRegionFactory]
2025-04-22T23:15:35.180+02:00  INFO 2796 --- [swift-code-manager] [           main] o.s.o.j.p.SpringPersistenceUnitInfo      : No LoadTimeWeaver setup: ignoring JPA class transformer
2025-04-22T23:15:35.254+02:00  INFO 2796 --- [swift-code-manager] [           main] com.zaxxer.hikari.HikariDataSource       : HikariPool-1 - Starting...
2025-04-22T23:15:35.281+02:00  INFO 2796 --- [swift-code-manager] [           main] tc.postgres:15-alpine                    : Creating container for image: postgres:15-alpine
2025-04-22T23:15:35.505+02:00  INFO 2796 --- [swift-code-manager] [           main] tc.postgres:15-alpine                    : Container postgres:15-alpine is starting: 0c2a6e550b72a0385ccfe47ea76f2c4ff7d6ba1c7ec90b8e6867b95b5f725389
2025-04-22T23:15:37.280+02:00  INFO 2796 --- [swift-code-manager] [           main] tc.postgres:15-alpine                    : Container postgres:15-alpine started in PT1.9982781S
2025-04-22T23:15:37.280+02:00  INFO 2796 --- [swift-code-manager] [           main] tc.postgres:15-alpine                    : Container is started (JDBC URL: jdbc:postgresql://localhost:59773/test?loggerLevel=OFF)
2025-04-22T23:15:37.547+02:00  INFO 2796 --- [swift-code-manager] [           main] com.zaxxer.hikari.pool.HikariPool        : HikariPool-1 - Added connection org.testcontainers.jdbc.ConnectionWrapper@5a183fa6
2025-04-22T23:15:37.552+02:00  INFO 2796 --- [swift-code-manager] [           main] com.zaxxer.hikari.HikariDataSource       : HikariPool-1 - Start completed.
2025-04-22T23:15:37.710+02:00  INFO 2796 --- [swift-code-manager] [           main] org.hibernate.orm.connections.pooling    : HHH10001005: Database info:
	Database JDBC URL [Connecting through datasource 'HikariDataSource (HikariPool-1)']
	Database driver: undefined/unknown
	Database version: 15.12
	Autocommit mode: undefined/unknown
	Isolation level: undefined/unknown
	Minimum pool size: undefined/unknown
	Maximum pool size: undefined/unknown
2025-04-22T23:15:38.266+02:00  WARN 2796 --- [swift-code-manager] [           main] org.hibernate.orm.cache                  : HHH90001006: Missing cache[default-update-timestamps-region] was created on-the-fly. The created cache will use a provider-specific default configuration: make sure you defined one. You can disable this warning by setting 'hibernate.javax.cache.missing_cache_strategy' to 'create'.
2025-04-22T23:15:38.284+02:00  INFO 2796 --- [swift-code-manager] [           main] org.ehcache.core.EhcacheManager          : Cache 'default-update-timestamps-region' created in EhcacheManager.
2025-04-22T23:15:38.286+02:00  WARN 2796 --- [swift-code-manager] [           main] org.hibernate.orm.cache                  : HHH90001006: Missing cache[default-query-results-region] was created on-the-fly. The created cache will use a provider-specific default configuration: make sure you defined one. You can disable this warning by setting 'hibernate.javax.cache.missing_cache_strategy' to 'create'.
2025-04-22T23:15:38.288+02:00  INFO 2796 --- [swift-code-manager] [           main] org.ehcache.core.EhcacheManager          : Cache 'default-query-results-region' created in EhcacheManager.
2025-04-22T23:15:38.367+02:00  WARN 2796 --- [swift-code-manager] [           main] org.hibernate.orm.cache                  : HHH90001006: Missing cache[com.swift.manager.entity.SwiftCode] was created on-the-fly. The created cache will use a provider-specific default configuration: make sure you defined one. You can disable this warning by setting 'hibernate.javax.cache.missing_cache_strategy' to 'create'.
2025-04-22T23:15:38.370+02:00  INFO 2796 --- [swift-code-manager] [           main] org.ehcache.core.EhcacheManager          : Cache 'com.swift.manager.entity.SwiftCode' created in EhcacheManager.
2025-04-22T23:15:39.302+02:00  INFO 2796 --- [swift-code-manager] [           main] o.h.e.t.j.p.i.JtaPlatformInitiator       : HHH000489: No JTA platform available (set 'hibernate.transaction.jta.platform' to enable JTA platform integration)
2025-04-22T23:15:39.372+02:00  INFO 2796 --- [swift-code-manager] [           main] j.LocalContainerEntityManagerFactoryBean : Initialized JPA EntityManagerFactory for persistence unit 'default'
2025-04-22T23:15:40.075+02:00  INFO 2796 --- [swift-code-manager] [           main] o.s.d.j.r.query.QueryEnhancerFactory     : Hibernate is in classpath; If applicable, HQL parser will be used.
2025-04-22T23:15:41.929+02:00  WARN 2796 --- [swift-code-manager] [           main] JpaBaseConfiguration$JpaWebConfiguration : spring.jpa.open-in-view is enabled by default. Therefore, database queries may be performed during view rendering. Explicitly configure spring.jpa.open-in-view to disable this warning
2025-04-22T23:15:45.024+02:00  INFO 2796 --- [swift-code-manager] [           main] o.s.b.t.m.w.SpringBootMockServletContext : Initializing Spring TestDispatcherServlet ''
2025-04-22T23:15:45.025+02:00  INFO 2796 --- [swift-code-manager] [           main] o.s.t.web.servlet.TestDispatcherServlet  : Initializing Servlet ''
2025-04-22T23:15:45.044+02:00  INFO 2796 --- [swift-code-manager] [           main] o.s.b.a.e.web.EndpointLinksResolver      : Exposing 2 endpoints beneath base path '/actuator'
2025-04-22T23:15:45.084+02:00  INFO 2796 --- [swift-code-manager] [           main] o.s.t.web.servlet.TestDispatcherServlet  : Completed initialization in 58 ms
2025-04-22T23:15:45.359+02:00  INFO 2796 --- [swift-code-manager] [           main] s.m.c.SwiftCodeControllerIntegrationTest : Started SwiftCodeControllerIntegrationTest in 16.202 seconds (process running for 21.972)
]]></system-out>
  </testcase>
  <testcase name="getSwiftCodeFound" classname="com.swift.manager.controller.SwiftCodeControllerIntegrationTest" time="0.083"/>
  <testcase name="getSwiftCodesByCountry" classname="com.swift.manager.controller.SwiftCodeControllerIntegrationTest" time="0.072"/>
  <testcase name="deleteSwiftCodeSuccess" classname="com.swift.manager.controller.SwiftCodeControllerIntegrationTest" time="0.068">
    <system-out><![CDATA[2025-04-22T23:15:47.175+02:00  INFO 2796 --- [swift-code-manager] [           main] c.s.m.service.impl.SwiftCodeServiceImpl  : Deleted SWIFT code: DEUTDEFF
]]></system-out>
  </testcase>
  <testcase name="getSwiftCodeNotFound" classname="com.swift.manager.controller.SwiftCodeControllerIntegrationTest" time="0.046"/>
  <testcase name="addSwiftCode" classname="com.swift.manager.controller.SwiftCodeControllerIntegrationTest" time="0.239">
    <system-out><![CDATA[2025-04-22T23:15:47.481+02:00  INFO 2796 --- [swift-code-manager] [           main] c.s.m.service.impl.SwiftCodeServiceImpl  : Added new SWIFT code: BOFAUS3N
]]></system-out>
  </testcase>
  <testcase name="deleteSwiftCodeNotFound" classname="com.swift.manager.controller.SwiftCodeControllerIntegrationTest" time="0.047"/>
  <testcase name="addSwiftCodeInvalidInput" classname="com.swift.manager.controller.SwiftCodeControllerIntegrationTest" time="0.049"/>
</testsuite>